0:100  0:100  MemLog inited, TSC freq: 2904418080
0:100  0:000  CPU was calibrated with RTC
0:100  0:000  
0:100  0:000  Now is 2.8.2018,  6:43:34 (GMT)
0:100  0:000  Starting Clover revision: 4444.RM-4652.23891(c1f8602f.abe73e2ebe)  on American Megatrends EFI
0:100  0:000  Build with: [Args: -mc --no-usb -D NO_GRUB_DRIVERS_EMBEDDED -t XCODE8 | -D DISABLE_USB_SUPPORT -D NO_GRUB_DRIVERS_EMBEDDED -D USE_BIOS_BLOCKIO -D USE_LOW_EBDA -a X64 -b RELEASE -t XCODE8 -n 9 | OS: 10.13.4 | XCODE: 9.3]
0:100  0:000  SelfDevicePath=PciRoot(0x0)\Pci(0x17,0x0)\Sata(0x0,0xFFFF,0x0)\HD(1,GPT,03779ED8-A8AC-4DC5-86BE-9594291CE4DA,0x28,0x64000) @75D4EA98
0:100  0:000  SelfDirPath = \EFI\BOOT
0:101  0:001  === [ Get Smbios ] ========================================
0:101  0:000  Type 16 Index = 0
0:101  0:000  Total Memory Slots Count = 2
0:101  0:000  Type 17 Index = 0
0:101  0:000  SmbiosTable.Type17->Speed = 2400MHz
0:101  0:000  SmbiosTable.Type17->Size = 8192MB
0:101  0:000  SmbiosTable.Type17->Bank/Device = BANK 0 DIMM 1
0:101  0:000  SmbiosTable.Type17->Vendor = 859B0000802C
0:101  0:000  SmbiosTable.Type17->SerialNumber = 17C384A8
0:101  0:000  SmbiosTable.Type17->PartNumber = CT8G4SFS824A.C8FHD1 
0:101  0:000  Type 17 Index = 1
0:101  0:000  SmbiosTable.Type17->Speed = 2400MHz
0:101  0:000  SmbiosTable.Type17->Size = 8192MB
0:101  0:000  SmbiosTable.Type17->Bank/Device = BANK 2 DIMM 2
0:101  0:000  SmbiosTable.Type17->Vendor = Kingston
0:101  0:000  SmbiosTable.Type17->SerialNumber = 431E2F87
0:101  0:000  SmbiosTable.Type17->PartNumber = KMKYF9-MID          
0:101  0:000  Boot status=0
0:101  0:000  Running on: 'Inspiron 7560' with board '07PJP0'
0:101  0:000  === [ GetCPUProperties ] ==================================
0:101  0:000  CPU Vendor = 756E6547 Model=806E9
0:101  0:000   The CPU supported SSE4.1
0:101  0:000  BrandString = Intel(R) Core(TM) i7-7500U CPU @ 2.70GHz
0:101  0:000   The CPU supported turbo
0:101  0:000  MSR 0x35               20004
0:101  0:000   TSC/CCC Information Leaf:
0:101  0:000    numerator     : 242
0:101  0:000    denominator   : 2
0:101  0:000   Calibrated ARTFrequency: 24003455
0:101  0:000  MSR 0xE2 before patch 7E008005
0:101  0:000  MSR 0xE2 is locked, PM patches will be turned on
0:101  0:000  MSR 0xCE              0004043D_F1011D00
0:102  0:000  corrected FLEX_RATIO = 0
0:102  0:000  MSR 0x1B0             00000000
0:102  0:000  FSBFrequency = 90 MHz, DMI FSBFrequency = 100 MHz, Corrected FSBFrequency = 100 MHz
0:102  0:000  MaxDiv/MinDiv: 29.0/4
0:102  0:000  Turbo: 35/35/35/35
0:102  0:000  Features: 0xBFEBFBFF
0:102  0:000  Threads: 4
0:102  0:000  Cores: 2
0:102  0:000  FSB: 100 MHz
0:102  0:000  CPU: 2600 MHz
0:102  0:000  TSC: 2600 MHz
0:102  0:000  PIS: 100 MHz
0:102  0:000  ExternalClock: 25 MHz
0:102  0:000  === [ GetDevices ] ========================================
0:102  0:000  PCI (00|00:00.00) : 8086 5904 class=060000
0:102  0:000  PCI (00|00:02.00) : 8086 5916 class=030000
0:102  0:000   - GFX: Model=Intel HD Graphics 620 (Intel)
0:102  0:000  PCI (00|00:04.00) : 8086 1903 class=118000
0:102  0:000  PCI (00|00:14.00) : 8086 9D2F class=0C0330
0:102  0:000  PCI (00|00:14.02) : 8086 9D31 class=118000
0:102  0:000  PCI (00|00:15.00) : 8086 9D60 class=118000
0:102  0:000  PCI (00|00:15.01) : 8086 9D61 class=118000
0:102  0:000  PCI (00|00:16.00) : 8086 9D3A class=078000
0:102  0:000  PCI (00|00:17.00) : 8086 9D03 class=010601
0:102  0:000  PCI (00|00:1C.00) : 8086 9D10 class=060400
0:102  0:000  PCI (00|01:00.00) : 10DE 134D class=030200
0:102  0:000  PCI (00|00:1C.04) : 8086 9D14 class=060400
0:102  0:000  PCI (00|02:00.00) : 14E4 43B1 class=028000
0:102  0:000   - WIFI: Vendor=Broadcom
0:102  0:000  PCI (00|00:1C.05) : 8086 9D15 class=060400
0:102  0:000  PCI (00|03:00.00) : 10EC 8168 class=020000
0:102  0:000   - LAN: 0 Vendor=Realtek
0:102  0:000  PCI (00|00:1F.00) : 8086 9D58 class=060100
0:102  0:000  PCI (00|00:1F.02) : 8086 9D21 class=058000
0:102  0:000  PCI (00|00:1F.03) : 8086 9D71 class=040300
0:102  0:000  PCI (00|00:1F.04) : 8086 9D23 class=0C0500
0:102  0:000  === [ GetDefaultSettings ] ================================
0:102  0:000  Clover load options size = 146 bytes
0:103  0:001  EFI\CLOVER\.plist not loaded with name from LoadOptions: Invalid Parameter
0:105  0:001  EFI\CLOVER\config.plist loaded: Success
0:105  0:000  === [ GetListOfThemes ] ===================================
0:106  0:001  - [00]: BGM
0:109  0:002  - [01]: embedded
0:111  0:002  - [01]: random
0:113  0:002  === [ Found config plists ] ===============================
0:114  0:001  - config.plist
0:116  0:001  === [ GetEarlyUserSettings ] ==============================
0:116  0:000  timeout set to 5
0:116  0:000  Custom boot CUSTOM_BOOT_DISABLED (0x0)
0:116  0:000  KextsToPatch: 9 requested
0:116  0:000   - [00]: com.apple.driver.AppleIntelKBLGraphicsFramebuffer (0x59160000, 0105 instead of 0306, HDMI) :: BinPatch :: data len: 12
0:116  0:000   - [01]: com.apple.driver.AppleIntelKBLGraphicsFramebuffer (0x591b0000, 0105 instead of 0204) :: BinPatch :: data len: 36
0:116  0:000   - patch disabled at config
0:116  0:000   - [02]: IOBluetoothFamily (BCM BT Hand-off (10.11.x ->10.12.x)) :: BinPatch :: data len: 8
0:116  0:000   - [03]: com.apple.iokit.IOGraphicsFamily (Boot graphics glitch, 10.10.2/10.10.3) :: BinPatch :: data len: 5
0:116  0:000   - [04]: AppleBacklight (change F%uT%04x to F%uTxxxx for AppleBacklightInjector.kext (credit RehabMan)) :: BinPatch :: data len: 9
0:116  0:000   - [05]: AppleUSBXHCIPCI (change 15 port limit to 26 in XHCI kext (100-series) 10.12) :: BinPatch :: data len: 7
0:116  0:000   - patch disabled at config
0:116  0:000   - [06]: AppleIntelLpssI2C (Disable AppleIntelLpssI2C (credit by Coolstar)) :: PlistPatch :: data len: 5
0:116  0:000   - [07]: AppleIntelLpssI2CController (Disable AppleIntelLpssI2CCOntroller (credit by Coolstar)) :: PlistPatch :: data len: 5
0:116  0:000   - [08]: com.apple.iokit.IOAHCIBlockStorage (Enable TRIM for SSD) :: BinPatch :: data len: 11
0:116  0:000  KernelToPatch: 1 requested
0:116  0:000   - [00]: MSR 0xE2 _xcpm_idle instant reboot(c) Pike R. Alpha :: MatchOS: 10.12.x,10.11.x :: data len: 8
0:116  0:000  Default theme: BGM
0:116  0:000  Hiding entries with string Preboot
0:116  0:000   Custom EDID is ok
0:116  0:000  === [ LoadDrivers ] =======================================
0:116  0:000  Loading AppleImageCodec-64.efi  status=Success
0:119  0:002  Loading AppleKeyAggregator-64.efi  status=Success
0:120  0:001  Loading AppleUITheme-64.efi  status=Success
0:123  0:002  Loading AptioMemoryFix.efi  status=Success
0:126  0:002  Loading DataHubDxe-64.efi  status=Success
0:138  0:011  Loading FirmwareVolume-64.efi  status=Success
0:139  0:001  Loading FSInject-64.efi  status=Success
0:141  0:001  Loading SMCHelper-64.efi  status=Success
0:142  0:001  Loading apfs.efi  status=Success
0:150  0:007   - driver needs connecting
0:150  0:000  Loading HFSPlus.efi  status=Success
0:153  0:003   - driver needs connecting
0:154  0:000  Loading NTFS.efi  status=Success
0:158  0:003   - driver needs connecting
0:158  0:000  Loading OsxFatBinaryDrv-64.efi  status=Success
0:159  0:001  3 drivers needs connecting ...
0:159  0:000  PlatformDriverOverrideProtocol not found. Installing ... Success
0:159  0:000  HFS+ driver loaded
0:159  0:000  APFS driver loaded
0:159  0:000  Searching for invalid DiskIo BY_DRIVER connects: not found, all ok
0:648  0:489  === [ InitScreen ] ========================================
0:648  0:000  SetScreenResolution: 1920x1080 - already set
0:648  0:000  Console modes reported: 4, available modes:
0:648  0:000   - [01]: 80x25
0:648  0:000   - [02]: 80x50
0:648  0:000   - [03]: 100x31
0:648  0:000   - [04]: 240x56 (current mode)
0:648  0:000  reinit: self device path=PciRoot(0x0)\Pci(0x17,0x0)\Sata(0x0,0xFFFF,0x0)\HD(1,GPT,03779ED8-A8AC-4DC5-86BE-9594291CE4DA,0x28,0x64000)
0:649  0:000  Using embedded font: Success
0:649  0:000  === [ GetMacAddress ] =====================================
0:649  0:000  === [ ScanSPD ] ===========================================
0:650  0:000  SMBus device : 8086 9D23 class=0C0500 status=Success
0:650  0:000  SMBus CmdReg: 0x3
0:650  0:000  Scanning SMBus [8086:9D23], mmio: 0xD5432004, ioport: 0xF040, hostc: 0x11
0:650  0:000  Slots to scan [8]...
0:650  0:000  SPD[0]: Type 12 @0x50
0:668  0:017  DDR speed 2400MHz
0:668  0:000  Slot: 0 Type 26 8192MB 2400MHz Vendor=Crucial Technology PartNo=CT8G4SFS824A.C8FHD1 SerialNo=01070C0308040A08
0:669  0:000  SPD[2]: Type 12 @0x52
0:687  0:017  DDR speed 2400MHz
0:687  0:000  Slot: 2 Type 26 8192MB 2400MHz Vendor=Kingston PartNo=KMKYF9-MID SerialNo=0403010E020F0807
0:687  0:000  === [ GetAcpiTablesList ] =================================
0:687  0:000  Get Acpi Tables List from RSDT:
0:687  0:000   - [00]: FACP  CBX3    len=132
0:687  0:000   - [01]: APIC  CBX3    len=132
0:687  0:000   - [02]: FPDT  CBX3    len=68
0:687  0:000   - [03]: FIDT  CBX3    len=156
0:687  0:000   - [04]: MCFG  CBX3    len=60
0:688  0:000   - [05]: HPET  CBX3    len=56
0:688  0:000   - [06]: SSDT  SataTabl len=882
0:688  0:000   - [07]: BOOT  CBX3     len=40
0:688  0:000   - [08]: SSDT  SaSsdt  len=4833
0:688  0:000   - [09]: HPET  KBL-ULT len=56
0:688  0:000   - [10]: SSDT  xh_OEMBD len=1716
0:688  0:000   - [11]: UEFI   len=66
0:688  0:000   - [12]: SSDT  CpuSsdt len=3806
0:688  0:000   - [13]: LPIT  KBL-ULT len=148
0:688  0:000   - [14]: WSMT  KBL-ULT len=40
0:688  0:000   - [15]: SSDT  HdaDsp len=321
0:688  0:000   - [16]: SSDT  sensrhub len=671
0:688  0:000   - [17]: SSDT  PtidDevc len=12290
0:688  0:000   - [18]: SSDT  TbtTypeC len=533
0:688  0:000   - [19]: DBGP   len=52
0:688  0:000   - [20]: DBG2   len=84
0:688  0:000   - [21]: SSDT  DptfTabl len=23589
0:688  0:000   - [22]: MSDM  CBX3    len=85
0:688  0:000   - [23]: SLIC  CBX3    len=374
0:688  0:000   - [24]: BGRT   len=56
0:688  0:000   - [25]: SSDT  SgUlt len=1053
0:688  0:000   - [26]: SSDT  SgPch len=1874
0:688  0:000   - [27]: TPM2  Tpm2Tabl len=52
0:688  0:000   - [28]: SSDT  OptTabl len=7776
0:688  0:000  Calibrated TSC Frequency = 2904418080 = 2904MHz
0:688  0:000  === [ GetUserSettings ] ===================================
0:688  0:000   Custom EDID is ok
0:688  0:000  Can't install EdidOverride on ImageHandle
0:688  0:000  Add 1 properties:
0:688  0:000   - [00]: IntelGFX, len: 10
0:688  0:000  USB FixOwnership: yes
0:688  0:000  Dropping 1 tables:
0:688  0:000   - [00]: Drop table  signature="DMAR" (52414D44)
0:688  0:000           - set table: 52414D44,                0 to drop: no
0:688  0:000   - final DSDT Fix mask=20000004
0:688  0:000  PatchesDSDT: 6 requested
0:688  0:000   - [00]: (change _DSM to XDSM) lenToFind: 4, lenToReplace: 4, Target Bridge: <null string>
0:688  0:000   - [01]: (change OSID to XSID (to avoid match against _OSI XOSI patch)) lenToFind: 4, lenToReplace: 4, Target Bridge: <null string>
0:688  0:000   - [02]: (change _OSI to XOSI) lenToFind: 4, lenToReplace: 4, Target Bridge: <null string>
0:688  0:000   - [03]: (change HDAS to HDEF) lenToFind: 4, lenToReplace: 4, Target Bridge: <null string>
0:688  0:000   - [04]: (change HECI to IMEI) lenToFind: 4, lenToReplace: 4, Target Bridge: <null string>
0:688  0:000   - [05]: (change GFX0 to IGPU) lenToFind: 4, lenToReplace: 4, Target Bridge: <null string>
0:688  0:000  Using ProductName from config: MacBookPro14,1
0:688  0:000  Using latest BiosVersion from clover
0:688  0:000  BiosVersion: MBP141.88Z.0173.B00.1802081002
0:688  0:000  BiosReleaseDate: 02/08/2018
0:688  0:000  Using FirmwareFeatures from config: 0xFC0FE136
0:688  0:000  Using FirmwareFeaturesMask from config: 0xFF1FFF3F
0:688  0:000  Board-ID set from config as Mac-B4831CEBD52A0C4C
0:688  0:000  BoardType: 0xA
0:688  0:000  ChassisType: 0x9
0:688  0:000  CpuType: 705
0:688  0:000  Converted CustomUUID AE87D559-599A-4171-9F48-D65E31A6A5D3
0:722  0:034  === [ ScanVolumes ] =======================================
0:722  0:000  Found 12 volumes with blockIO
0:722  0:000  - [00]: Volume: PciRoot(0x0)\Pci(0x17,0x0)\Sata(0x0,0xFFFF,0x0)
0:723  0:000  - [01]: Volume: PciRoot(0x0)\Pci(0x17,0x0)\Sata(0x2,0xFFFF,0x0)
0:723  0:000  - [02]: Volume: PciRoot(0x0)\Pci(0x17,0x0)\Sata(0x0,0xFFFF,0x0)\HD(1,GPT,03779ED8-A8AC-4DC5-86BE-9594291CE4DA,0x28,0x64000)
0:724  0:000          Result of bootcode detection: bootable unknown (legacy)
0:724  0:000          This is SelfVolume !!
0:724  0:000  - [03]: Volume: PciRoot(0x0)\Pci(0x17,0x0)\Sata(0x0,0xFFFF,0x0)\HD(2,GPT,C094A55A-CC3C-4747-851F-7726D2DF7BA9,0x64028,0x28BED010)
0:725  0:000  - [04]: Volume: PciRoot(0x0)\Pci(0x17,0x0)\Sata(0x0,0xFFFF,0x0)\HD(3,GPT,20426BC0-A8D5-4EFA-8DFF-95595B643788,0x28C51038,0x135F20)
0:726  0:000  - [05]: Volume: PciRoot(0x0)\Pci(0x17,0x0)\Sata(0x0,0xFFFF,0x0)\HD(4,GPT,8903A52F-0C1E-4909-A5C4-454F1BC10806,0x28D87000,0x14452000)
0:726  0:000          Result of bootcode detection: bootable unknown (legacy)
0:726  0:000  - [06]: Volume: PciRoot(0x0)\Pci(0x17,0x0)\Sata(0x2,0xFFFF,0x0)\HD(1,GPT,096BEF99-2CF1-4165-BE19-FFF2F11C79C2,0x800,0xFA000)
0:727  0:000          Result of bootcode detection: bootable Windows (vista,win)
0:727  0:000  - [07]: Volume: PciRoot(0x0)\Pci(0x17,0x0)\Sata(0x2,0xFFFF,0x0)\HD(2,GPT,8ED13153-0D44-429C-BD42-7C968E436A2B,0xFA800,0x40000)
0:728  0:000  - [08]: Volume: PciRoot(0x0)\Pci(0x17,0x0)\Sata(0x2,0xFFFF,0x0)\HD(3,GPT,BADE16C2-1603-48A9-B6D7-690F45F2355D,0x13A800,0xD1A1000)
0:729  0:000          Result of bootcode detection: bootable Windows (vista,win)
0:729  0:000  - [09]: Volume: PciRoot(0x0)\Pci(0x17,0x0)\Sata(0x2,0xFFFF,0x0)\HD(4,GPT,A47DC347-BCE1-4999-BB4A-5549D8D46BA6,0xD2DB800,0x19B000)
0:729  0:000          Result of bootcode detection: bootable Windows (vista,win)
0:729  0:000  - [10]: Volume: PciRoot(0x0)\Pci(0x17,0x0)\Sata(0x2,0xFFFF,0x0)\HD(5,GPT,3EC9BB53-3E45-4C93-9F75-FE9DB7E19192,0xD476800,0x17A5800)
0:730  0:000          Result of bootcode detection: bootable Windows (vista,win)
0:730  0:000  - [11]: Volume: PciRoot(0x0)\Pci(0x17,0x0)\Sata(0x2,0xFFFF,0x0)\HD(6,GPT,81E15DF4-BB97-47B4-A982-A6AE00D8ED82,0xEC1C800,0x25F800)
0:731  0:000          Result of bootcode detection: bootable Windows (vista,win)
0:731  0:000  === [ InitTheme ] =========================================
0:732  0:001  Using theme 'BGM' (EFI\CLOVER\themes\BGM)
0:732  0:000  OS main and drive as badge
0:733  0:001  Loading font from ThemeDir: Success
0:734  0:000  Choosing theme BGM
0:734  0:000  after NVRAM boot-args=dart=0 kext-dev-mode=1 -disablegfxfirmware brcmfx-country=US
0:734  0:000  === [ Dump SMC keys from NVRAM ] ==========================
0:734  0:000  found AppleSMC protocol
0:763  0:028  Registered 17 SMC keys
0:765  0:002  === [ AddCustomEntries ] ==================================
0:765  0:000  Custom entry 0 Title:"Recovery" Path:"\com.apple.recovery.boot\boot.efi" Type:10 Flags:0x6 matching all volumes
0:765  0:000      Checking volume "EFI" (PciRoot(0x0)\Pci(0x17,0x0)\Sata(0x0,0xFFFF,0x0)\HD(1,GPT,03779ED8-A8AC-4DC5-86BE-9594291CE4DA,0x28,0x64000)) ... skipped because path does not exist
0:765  0:000      Checking volume "Macintosh HD" (PciRoot(0x0)\Pci(0x17,0x0)\Sata(0x0,0xFFFF,0x0)\HD(2,GPT,C094A55A-CC3C-4747-851F-7726D2DF7BA9,0x64028,0x28BED010)) ... skipped because path does not exist
0:765  0:000      Checking volume "Recovery HD" (PciRoot(0x0)\Pci(0x17,0x0)\Sata(0x0,0xFFFF,0x0)\HD(3,GPT,20426BC0-A8D5-4EFA-8DFF-95595B643788,0x28C51038,0x135F20)) ... match!
0:771  0:006  Custom settings: <null string>.plist will  be applied
0:772  0:000      Checking volume "ESP" (PciRoot(0x0)\Pci(0x17,0x0)\Sata(0x2,0xFFFF,0x0)\HD(1,GPT,096BEF99-2CF1-4165-BE19-FFF2F11C79C2,0x800,0xFA000)) ... skipped because path does not exist
0:772  0:000      Checking volume "OS" (PciRoot(0x0)\Pci(0x17,0x0)\Sata(0x2,0xFFFF,0x0)\HD(3,GPT,BADE16C2-1603-48A9-B6D7-690F45F2355D,0x13A800,0xD1A1000)) ... skipped because path does not exist
0:772  0:000      Checking volume "WINRETOOLS" (PciRoot(0x0)\Pci(0x17,0x0)\Sata(0x2,0xFFFF,0x0)\HD(4,GPT,A47DC347-BCE1-4999-BB4A-5549D8D46BA6,0xD2DB800,0x19B000)) ... skipped because path does not exist
0:773  0:000      Checking volume "Image" (PciRoot(0x0)\Pci(0x17,0x0)\Sata(0x2,0xFFFF,0x0)\HD(5,GPT,3EC9BB53-3E45-4C93-9F75-FE9DB7E19192,0xD476800,0x17A5800)) ... skipped because path does not exist
0:773  0:000      Checking volume "DELLSUPPORT" (PciRoot(0x0)\Pci(0x17,0x0)\Sata(0x2,0xFFFF,0x0)\HD(6,GPT,81E15DF4-BB97-47B4-A982-A6AE00D8ED82,0xEC1C800,0x25F800)) ... skipped because path does not exist
0:774  0:000  Custom entry 1 Title:"Windows" Path:"\EFI\Microsoft\Boot\bootmgfw.efi" Options:"-s -h" Type:7 Flags:0x0 matching all volumes
0:774  0:000      Checking volume "EFI" (PciRoot(0x0)\Pci(0x17,0x0)\Sata(0x0,0xFFFF,0x0)\HD(1,GPT,03779ED8-A8AC-4DC5-86BE-9594291CE4DA,0x28,0x64000)) ... skipped because path does not exist
0:774  0:000      Checking volume "Macintosh HD" (PciRoot(0x0)\Pci(0x17,0x0)\Sata(0x0,0xFFFF,0x0)\HD(2,GPT,C094A55A-CC3C-4747-851F-7726D2DF7BA9,0x64028,0x28BED010)) ... skipped because path does not exist
0:774  0:000      Checking volume "Recovery HD" (PciRoot(0x0)\Pci(0x17,0x0)\Sata(0x0,0xFFFF,0x0)\HD(3,GPT,20426BC0-A8D5-4EFA-8DFF-95595B643788,0x28C51038,0x135F20)) ... skipped because path does not exist
0:774  0:000      Checking volume "ESP" (PciRoot(0x0)\Pci(0x17,0x0)\Sata(0x2,0xFFFF,0x0)\HD(1,GPT,096BEF99-2CF1-4165-BE19-FFF2F11C79C2,0x800,0xFA000)) ... match!
0:775  0:000  Custom settings: <null string>.plist will  be applied
0:775  0:000      Checking volume "OS" (PciRoot(0x0)\Pci(0x17,0x0)\Sata(0x2,0xFFFF,0x0)\HD(3,GPT,BADE16C2-1603-48A9-B6D7-690F45F2355D,0x13A800,0xD1A1000)) ... skipped because path does not exist
0:776  0:000      Checking volume "WINRETOOLS" (PciRoot(0x0)\Pci(0x17,0x0)\Sata(0x2,0xFFFF,0x0)\HD(4,GPT,A47DC347-BCE1-4999-BB4A-5549D8D46BA6,0xD2DB800,0x19B000)) ... skipped because path does not exist
0:776  0:000      Checking volume "Image" (PciRoot(0x0)\Pci(0x17,0x0)\Sata(0x2,0xFFFF,0x0)\HD(5,GPT,3EC9BB53-3E45-4C93-9F75-FE9DB7E19192,0xD476800,0x17A5800)) ... skipped because path does not exist
0:777  0:000      Checking volume "DELLSUPPORT" (PciRoot(0x0)\Pci(0x17,0x0)\Sata(0x2,0xFFFF,0x0)\HD(6,GPT,81E15DF4-BB97-47B4-A982-A6AE00D8ED82,0xEC1C800,0x25F800)) ... skipped because path does not exist
0:777  0:000  === [ ScanLoader ] ========================================
0:777  0:000  - [02]: 'EFI'
0:785  0:007  - [03]: 'Macintosh HD'
0:790  0:005          AddLoaderEntry for Volume Name=Macintosh HD
0:793  0:002      hibernated: set as never
0:793  0:000          [!] Icon 17 (icons\vol_internal_hfs.icns) not found (path: EFI\CLOVER\themes\BGM)
0:802  0:008  - [04]: 'Recovery HD'
0:802  0:000          AddLoaderEntry for Volume Name=Recovery HD
0:802  0:000       skipped because path `PciRoot(0x0)\Pci(0x17,0x0)\Sata(0x0,0xFFFF,0x0)\HD(3,GPT,20426BC0-A8D5-4EFA-8DFF-95595B643788,0x28C51038,0x135F20)\com.apple.recovery.boot\boot.efii` already exists for another entry!
0:810  0:007  - [06]: 'ESP'
0:811  0:001          AddLoaderEntry for Volume Name=ESP
0:811  0:000       skipped because path `PciRoot(0x0)\Pci(0x17,0x0)\Sata(0x2,0xFFFF,0x0)\HD(1,GPT,096BEF99-2CF1-4165-BE19-FFF2F11C79C2,0x800,0xFA000)\EFI\microsoft\Boot\bootmgfw.efii` already exists for another entry!
0:819  0:007  - [08]: 'OS'
0:847  0:027  - [09]: 'WINRETOOLS'
0:875  0:027  - [10]: 'Image'
0:903  0:028  - [11]: 'DELLSUPPORT'
0:931  0:028  === [ AddCustomTool ] =====================================
0:932  0:000  found tool \EFI\CLOVER\tools\Shell64U.efi
0:932  0:000  Checking EFI partition Volume 2 for Clover
0:932  0:000   Found Clover
0:933  0:000  === [ GetEfiBootDeviceFromNvram ] =========================
0:934  0:000   - found entry 2. 'Boot macOS from Macintosh HD', Volume 'Macintosh HD', DevicePath 'PciRoot(0x0)\Pci(0x17,0x0)\Sata(0x0,0xFFFF,0x0)\HD(2,GPT,C094A55A-CC3C-4747-851F-7726D2DF7BA9,0x64028,0x28BED010)\System\Library\CoreServices\boot.efii'
0:934  0:000  DefaultIndex=2 and MainMenu.EntryCount=9
1:269  0:335  GUI ready
4:944  3:674  Found BIOS RSDP at F0020
4:944  0:000  Printing ACPI tables from RSDP F0020 ...
4:944  0:000   F0020: 'RSD PTR ', Rev: 2 (Acpi 2.0 or newer), Len: 36
4:944  0:000    (Xsdt: 786620C8, Rsdt: 78662028)
4:944  0:000    786620C8: 'XSDT', 'CBX3', Rev: 1, Len: 268
4:944  0:000    78662028: 'RSDT', 'CBX3', Rev: 1, Len: 152
4:944  0:000    Tables in Xsdt: 29
4:944  0:000    0. 786846E8: 'FACP', 'CBX3', Rev: 5, Len: 268
4:944  0:000        (Dsdt: 78662260, Facs: 78FF2F80, XDsdt: 78662260, XFacs: 0)
4:944  0:000        78662260: 'DSDT', 'CBX3', Rev: 2, Len: 140418
4:947  0:002        78FF2F80: 'FACS', Ver: 2, Len: 64
4:947  0:000    1. 786847F8: 'APIC', 'CBX3', Rev: 3, Len: 132
4:947  0:000    2. 78684880: 'FPDT', 'CBX3', Rev: 1, Len: 68
4:947  0:000    3. 786848C8: 'FIDT', 'CBX3', Rev: 1, Len: 156
4:947  0:000    4. 78684968: 'MCFG', 'CBX3', Rev: 1, Len: 60
4:947  0:000    5. 786849A8: 'HPET', 'CBX3', Rev: 1, Len: 56
4:947  0:000    6. 786849E0: 'SSDT', 'SataTabl', Rev: 1, Len: 882
4:947  0:000    7. 78684D58: 'BOOT', 'CBX3', Rev: 1, Len: 40
4:947  0:000    8. 78684D80: 'SSDT', 'SaSsdt', Rev: 2, Len: 4833
4:947  0:000    9. 78686068: 'HPET', 'KBL-ULT', Rev: 1, Len: 56
4:947  0:000    10. 786860A0: 'SSDT', 'xh_OEMBD', Rev: 2, Len: 1716
4:947  0:000    11. 78686758: 'UEFI', '', Rev: 1, Len: 66
4:947  0:000    12. 786867A0: 'SSDT', 'CpuSsdt', Rev: 2, Len: 3806
4:947  0:000    13. 78687680: 'LPIT', 'KBL-ULT', Rev: 1, Len: 148
4:947  0:000    14. 78687718: 'WSMT', 'KBL-ULT', Rev: 1, Len: 40
4:947  0:000    15. 78687740: 'SSDT', 'HdaDsp', Rev: 2, Len: 321
4:947  0:000    16. 78687888: 'SSDT', 'sensrhub', Rev: 2, Len: 671
4:947  0:000    17. 78687B28: 'SSDT', 'PtidDevc', Rev: 2, Len: 12290
4:947  0:000    18. 7868AB30: 'SSDT', 'TbtTypeC', Rev: 2, Len: 533
4:947  0:000    19. 7868AD48: 'DBGP', '', Rev: 1, Len: 52
4:947  0:000    20. 7868AD80: 'DBG2', '', Rev: 0, Len: 84
4:947  0:000    21. 7868ADD8: 'SSDT', 'DptfTabl', Rev: 2, Len: 23589
4:947  0:000    22. 78690A00: 'MSDM', 'CBX3', Rev: 3, Len: 85
4:947  0:000    23. 78690A58: 'SLIC', 'CBX3', Rev: 3, Len: 374
4:947  0:000    24. 78690BD0: 'BGRT', '', Rev: 0, Len: 56
4:947  0:000    25. 78690C08: 'SSDT', 'SgUlt', Rev: 2, Len: 1053
4:947  0:000    26. 78691028: 'SSDT', 'SgPch', Rev: 2, Len: 1874
4:947  0:000    27. 78691780: 'TPM2', 'Tpm2Tabl', Rev: 3, Len: 52
4:947  0:000    28. 786917B8: 'SSDT', 'OptTabl', Rev: 1, Len: 7776
4:947  0:000    Tables in Rsdt: 29
4:947  0:000    0. 786621D8: 'FACP', 'CBX3', Rev: 2, Len: 132
4:947  0:000        (Dsdt: 78662260, Facs: 78FF2F40)
4:947  0:000        78662260: 'DSDT', 'CBX3', Rev: 2, Len: 140418
4:950  0:002        78FF2F40: 'FACS', Ver: 0, Len: 64
4:950  0:000    1. 786847F8: 'APIC', 'CBX3', Rev: 3, Len: 132
4:950  0:000    2. 78684880: 'FPDT', 'CBX3', Rev: 1, Len: 68
4:950  0:000    3. 786848C8: 'FIDT', 'CBX3', Rev: 1, Len: 156
4:950  0:000    4. 78684968: 'MCFG', 'CBX3', Rev: 1, Len: 60
4:950  0:000    5. 786849A8: 'HPET', 'CBX3', Rev: 1, Len: 56
4:950  0:000    6. 786849E0: 'SSDT', 'SataTabl', Rev: 1, Len: 882
4:950  0:000    7. 78684D58: 'BOOT', 'CBX3', Rev: 1, Len: 40
4:950  0:000    8. 78684D80: 'SSDT', 'SaSsdt', Rev: 2, Len: 4833
4:950  0:000    9. 78686068: 'HPET', 'KBL-ULT', Rev: 1, Len: 56
4:950  0:000    10. 786860A0: 'SSDT', 'xh_OEMBD', Rev: 2, Len: 1716
4:950  0:000    11. 78686758: 'UEFI', '', Rev: 1, Len: 66
4:950  0:000    12. 786867A0: 'SSDT', 'CpuSsdt', Rev: 2, Len: 3806
4:950  0:000    13. 78687680: 'LPIT', 'KBL-ULT', Rev: 1, Len: 148
4:950  0:000    14. 78687718: 'WSMT', 'KBL-ULT', Rev: 1, Len: 40
4:950  0:000    15. 78687740: 'SSDT', 'HdaDsp', Rev: 2, Len: 321
4:950  0:000    16. 78687888: 'SSDT', 'sensrhub', Rev: 2, Len: 671
4:950  0:000    17. 78687B28: 'SSDT', 'PtidDevc', Rev: 2, Len: 12290
4:950  0:000    18. 7868AB30: 'SSDT', 'TbtTypeC', Rev: 2, Len: 533
4:950  0:000    19. 7868AD48: 'DBGP', '', Rev: 1, Len: 52
4:950  0:000    20. 7868AD80: 'DBG2', '', Rev: 0, Len: 84
4:950  0:000    21. 7868ADD8: 'SSDT', 'DptfTabl', Rev: 2, Len: 23589
4:950  0:000    22. 78690A00: 'MSDM', 'CBX3', Rev: 3, Len: 85
4:950  0:000    23. 78690A58: 'SLIC', 'CBX3', Rev: 3, Len: 374
4:950  0:000    24. 78690BD0: 'BGRT', '', Rev: 0, Len: 56
4:950  0:000    25. 78690C08: 'SSDT', 'SgUlt', Rev: 2, Len: 1053
4:950  0:000    26. 78691028: 'SSDT', 'SgPch', Rev: 2, Len: 1874
4:950  0:000    27. 78691780: 'TPM2', 'Tpm2Tabl', Rev: 3, Len: 52
4:950  0:000    28. 786917B8: 'SSDT', 'OptTabl', Rev: 1, Len: 7776
4:950  0:000  Found UEFI Acpi 2.0 RSDP at 78662000
4:950  0:000  Saving ACPI tables from RSDP 78662000 to EFI\CLOVER\ACPI\origin ...
4:950  0:000   78662000: 'RSD PTR ', Rev: 2 (Acpi 2.0 or newer), Len: 36 -> RSDP.aml
4:986  0:036    (Xsdt: 786620C8, Rsdt: 78662028)
4:986  0:000    786620C8: 'XSDT', 'CBX3', Rev: 1, Len: 268 -> XSDT.aml
5:012  0:026    78662028: 'RSDT', 'CBX3', Rev: 1, Len: 152 -> RSDT.aml
5:039  0:026    Tables in Xsdt: 29
5:039  0:000    0. 786846E8: 'FACP', 'CBX3', Rev: 5, Len: 268 -> FACP.aml
5:064  0:025        (Dsdt: 78662260, Facs: 78FF2F80, XDsdt: 78662260, XFacs: 0)
5:064  0:000        78662260: 'DSDT', 'CBX3', Rev: 2, Len: 140418 -> DSDT.aml
5:094  0:029        78FF2F80: 'FACS', Ver: 2, Len: 64 -> FACS.aml
5:121  0:026    1. 786847F8: 'APIC', 'CBX3', Rev: 3, Len: 132 -> APIC.aml
5:146  0:025    2. 78684880: 'FPDT', 'CBX3', Rev: 1, Len: 68 -> FPDT.aml
5:172  0:025    3. 786848C8: 'FIDT', 'CBX3', Rev: 1, Len: 156 -> FIDT.aml
5:198  0:025    4. 78684968: 'MCFG', 'CBX3', Rev: 1, Len: 60 -> MCFG.aml
5:224  0:026    5. 786849A8: 'HPET', 'CBX3', Rev: 1, Len: 56 -> HPET.aml
5:251  0:026    6. 786849E0: 'SSDT', 'SataTabl', Rev: 1, Len: 882 -> SSDT-0-SataTabl.aml
5:286  0:035    7. 78684D58: 'BOOT', 'CBX3', Rev: 1, Len: 40 -> BOOT.aml
5:309  0:023    8. 78684D80: 'SSDT', 'SaSsdt', Rev: 2, Len: 4833 -> SSDT-1-SaSsdt.aml
5:336  0:026    9. 78686068: 'HPET', 'KBL-ULT', Rev: 1, Len: 56 -> HPET.aml
5:362  0:026    10. 786860A0: 'SSDT', 'xh_OEMBD', Rev: 2, Len: 1716 -> SSDT-2-xh_OEMBD.aml
5:385  0:022    11. 78686758: 'UEFI', '', Rev: 1, Len: 66 -> UEFI.aml
5:407  0:022    12. 786867A0: 'SSDT', 'CpuSsdt', Rev: 2, Len: 3806 -> SSDT-3-CpuSsdt.aml (Found hidden SSDT 7 pcs)
5:434  0:026        * 783C6798: 'SSDT', 'Cpu0Ist', Rev: 2, Len: 1782  53 53 44 54 F6 06 00 00 02 AC 50 6D 52 65 66 00 Internal length = 1782 -> SSDT-x3_0-Cpu0Ist.aml
5:456  0:022        * 783C5718: 'SSDT', 'ApIst', Rev: 2, Len: 1628  53 53 44 54 5C 06 00 00 02 AF 50 6D 52 65 66 00 Internal length = 1628 -> SSDT-x3_1-ApIst.aml
5:486  0:029        * 783C4918: 'SSDT', 'Cpu0Cst', Rev: 2, Len: 1023  53 53 44 54 FF 03 00 00 02 AF 50 6D 52 65 66 00 Internal length = 1023 -> SSDT-x3_2-Cpu0Cst.aml
5:511  0:024        * 783C5E18: 'SSDT', 'ApCst', Rev: 2, Len: 394  53 53 44 54 8A 01 00 00 02 39 50 6D 52 65 66 00 Internal length = 394 -> SSDT-x3_3-ApCst.aml
5:533  0:022        * 76DEC018: 'SSDT', 'Cpu0Hwp', Rev: 2, Len: 277  53 53 44 54 15 01 00 00 02 AE 50 6D 52 65 66 00 Internal length = 277 -> SSDT-x3_4-Cpu0Hwp.aml
5:556  0:022        * 76353C18: 'SSDT', 'ApHwp', Rev: 2, Len: 407  53 53 44 54 97 01 00 00 02 F1 50 6D 52 65 66 00 Internal length = 407 -> SSDT-x3_5-ApHwp.aml
5:580  0:024        * 76353A18: 'SSDT', 'HwpLvt', Rev: 2, Len: 420  53 53 44 54 A4 01 00 00 02 3C 50 6D 52 65 66 00 Internal length = 420 -> SSDT-x3_6-HwpLvt.aml
5:615  0:034  
5:615  0:000    13. 78687680: 'LPIT', 'KBL-ULT', Rev: 1, Len: 148 -> LPIT.aml
5:641  0:026    14. 78687718: 'WSMT', 'KBL-ULT', Rev: 1, Len: 40 -> WSMT.aml
5:668  0:026    15. 78687740: 'SSDT', 'HdaDsp', Rev: 2, Len: 321 -> SSDT-4-HdaDsp.aml
5:697  0:028    16. 78687888: 'SSDT', 'sensrhub', Rev: 2, Len: 671 -> SSDT-5-sensrhub.aml
5:723  0:026    17. 78687B28: 'SSDT', 'PtidDevc', Rev: 2, Len: 12290 -> SSDT-6-PtidDevc.aml
5:751  0:027    18. 7868AB30: 'SSDT', 'TbtTypeC', Rev: 2, Len: 533 -> SSDT-7-TbtTypeC.aml
5:779  0:027    19. 7868AD48: 'DBGP', '', Rev: 1, Len: 52 -> DBGP.aml
5:811  0:032    20. 7868AD80: 'DBG2', '', Rev: 0, Len: 84 -> DBG2.aml
5:837  0:025    21. 7868ADD8: 'SSDT', 'DptfTabl', Rev: 2, Len: 23589 -> SSDT-8-DptfTabl.aml
5:866  0:028    22. 78690A00: 'MSDM', 'CBX3', Rev: 3, Len: 85 -> MSDM.aml
5:893  0:027    23. 78690A58: 'SLIC', 'CBX3', Rev: 3, Len: 374 -> SLIC.aml
5:921  0:027    24. 78690BD0: 'BGRT', '', Rev: 0, Len: 56 -> BGRT.aml
5:947  0:026    25. 78690C08: 'SSDT', 'SgUlt', Rev: 2, Len: 1053 -> SSDT-9-SgUlt.aml
5:975  0:027    26. 78691028: 'SSDT', 'SgPch', Rev: 2, Len: 1874 -> SSDT-10-SgPch.aml
6:003  0:027    27. 78691780: 'TPM2', 'Tpm2Tabl', Rev: 3, Len: 52 -> TPM2.aml
6:028  0:025    28. 786917B8: 'SSDT', 'OptTabl', Rev: 1, Len: 7776 -> SSDT-11-OptTabl.aml
6:060  0:032    Tables in Rsdt: 29
6:060  0:000    0. 786621D8: 'FACP', 'CBX3', Rev: 2, Len: 132 -> RSDT-FACP.aml
6:089  0:028        (Dsdt: 78662260, Facs: 78FF2F40)
6:089  0:000        78662260: 'DSDT', 'CBX3', Rev: 2, Len: 140418
6:091  0:002        78FF2F40: 'FACS', Ver: 0, Len: 64 -> RSDT-FACS.aml
6:119  0:027    1. 786847F8: 'APIC', 'CBX3', Rev: 3, Len: 132
6:119  0:000    2. 78684880: 'FPDT', 'CBX3', Rev: 1, Len: 68
6:119  0:000    3. 786848C8: 'FIDT', 'CBX3', Rev: 1, Len: 156
6:119  0:000    4. 78684968: 'MCFG', 'CBX3', Rev: 1, Len: 60
6:119  0:000    5. 786849A8: 'HPET', 'CBX3', Rev: 1, Len: 56
6:119  0:000    6. 786849E0: 'SSDT', 'SataTabl', Rev: 1, Len: 882
6:119  0:000    7. 78684D58: 'BOOT', 'CBX3', Rev: 1, Len: 40
6:119  0:000    8. 78684D80: 'SSDT', 'SaSsdt', Rev: 2, Len: 4833
6:119  0:000    9. 78686068: 'HPET', 'KBL-ULT', Rev: 1, Len: 56
6:119  0:000    10. 786860A0: 'SSDT', 'xh_OEMBD', Rev: 2, Len: 1716
6:119  0:000    11. 78686758: 'UEFI', '', Rev: 1, Len: 66
6:119  0:000    12. 786867A0: 'SSDT', 'CpuSsdt', Rev: 2, Len: 3806
6:119  0:000    13. 78687680: 'LPIT', 'KBL-ULT', Rev: 1, Len: 148
6:119  0:000    14. 78687718: 'WSMT', 'KBL-ULT', Rev: 1, Len: 40
6:119  0:000    15. 78687740: 'SSDT', 'HdaDsp', Rev: 2, Len: 321
6:119  0:000    16. 78687888: 'SSDT', 'sensrhub', Rev: 2, Len: 671
6:119  0:000    17. 78687B28: 'SSDT', 'PtidDevc', Rev: 2, Len: 12290
6:119  0:000    18. 7868AB30: 'SSDT', 'TbtTypeC', Rev: 2, Len: 533
6:119  0:000    19. 7868AD48: 'DBGP', '', Rev: 1, Len: 52
6:119  0:000    20. 7868AD80: 'DBG2', '', Rev: 0, Len: 84
6:119  0:000    21. 7868ADD8: 'SSDT', 'DptfTabl', Rev: 2, Len: 23589
6:119  0:000    22. 78690A00: 'MSDM', 'CBX3', Rev: 3, Len: 85
6:119  0:000    23. 78690A58: 'SLIC', 'CBX3', Rev: 3, Len: 374
6:119  0:000    24. 78690BD0: 'BGRT', '', Rev: 0, Len: 56
6:119  0:000    25. 78690C08: 'SSDT', 'SgUlt', Rev: 2, Len: 1053
6:119  0:000    26. 78691028: 'SSDT', 'SgPch', Rev: 2, Len: 1874
6:119  0:000    27. 78691780: 'TPM2', 'Tpm2Tabl', Rev: 3, Len: 52
6:119  0:000    28. 786917B8: 'SSDT', 'OptTabl', Rev: 1, Len: 7776
6:119  0:000  Found UEFI Acpi 1.0 RSDP at 78662000
6:119  0:000  Printing ACPI tables from RSDP 78662000 ...
6:119  0:000   78662000: 'RSD PTR ', Rev: 2 (Acpi 2.0 or newer), Len: 36
6:119  0:000    (Xsdt: 786620C8, Rsdt: 78662028)
6:119  0:000    786620C8: 'XSDT', 'CBX3', Rev: 1, Len: 268
6:119  0:000    78662028: 'RSDT', 'CBX3', Rev: 1, Len: 152
6:119  0:000    Tables in Xsdt: 29
6:119  0:000    0. 786846E8: 'FACP', 'CBX3', Rev: 5, Len: 268
6:119  0:000        (Dsdt: 78662260, Facs: 78FF2F80, XDsdt: 78662260, XFacs: 0)
6:119  0:000        78662260: 'DSDT', 'CBX3', Rev: 2, Len: 140418
6:122  0:002        78FF2F80: 'FACS', Ver: 2, Len: 64
6:122  0:000    1. 786847F8: 'APIC', 'CBX3', Rev: 3, Len: 132
6:122  0:000    2. 78684880: 'FPDT', 'CBX3', Rev: 1, Len: 68
6:122  0:000    3. 786848C8: 'FIDT', 'CBX3', Rev: 1, Len: 156
6:122  0:000    4. 78684968: 'MCFG', 'CBX3', Rev: 1, Len: 60
6:122  0:000    5. 786849A8: 'HPET', 'CBX3', Rev: 1, Len: 56
6:122  0:000    6. 786849E0: 'SSDT', 'SataTabl', Rev: 1, Len: 882
6:122  0:000    7. 78684D58: 'BOOT', 'CBX3', Rev: 1, Len: 40
6:122  0:000    8. 78684D80: 'SSDT', 'SaSsdt', Rev: 2, Len: 4833
6:122  0:000    9. 78686068: 'HPET', 'KBL-ULT', Rev: 1, Len: 56
6:122  0:000    10. 786860A0: 'SSDT', 'xh_OEMBD', Rev: 2, Len: 1716
6:122  0:000    11. 78686758: 'UEFI', '', Rev: 1, Len: 66
6:122  0:000    12. 786867A0: 'SSDT', 'CpuSsdt', Rev: 2, Len: 3806
6:122  0:000    13. 78687680: 'LPIT', 'KBL-ULT', Rev: 1, Len: 148
6:122  0:000    14. 78687718: 'WSMT', 'KBL-ULT', Rev: 1, Len: 40
6:122  0:000    15. 78687740: 'SSDT', 'HdaDsp', Rev: 2, Len: 321
6:122  0:000    16. 78687888: 'SSDT', 'sensrhub', Rev: 2, Len: 671
6:122  0:000    17. 78687B28: 'SSDT', 'PtidDevc', Rev: 2, Len: 12290
6:122  0:000    18. 7868AB30: 'SSDT', 'TbtTypeC', Rev: 2, Len: 533
6:122  0:000    19. 7868AD48: 'DBGP', '', Rev: 1, Len: 52
6:122  0:000    20. 7868AD80: 'DBG2', '', Rev: 0, Len: 84
6:122  0:000    21. 7868ADD8: 'SSDT', 'DptfTabl', Rev: 2, Len: 23589
6:122  0:000    22. 78690A00: 'MSDM', 'CBX3', Rev: 3, Len: 85
6:122  0:000    23. 78690A58: 'SLIC', 'CBX3', Rev: 3, Len: 374
6:122  0:000    24. 78690BD0: 'BGRT', '', Rev: 0, Len: 56
6:122  0:000    25. 78690C08: 'SSDT', 'SgUlt', Rev: 2, Len: 1053
6:122  0:000    26. 78691028: 'SSDT', 'SgPch', Rev: 2, Len: 1874
6:122  0:000    27. 78691780: 'TPM2', 'Tpm2Tabl', Rev: 3, Len: 52
6:122  0:000    28. 786917B8: 'SSDT', 'OptTabl', Rev: 1, Len: 7776
6:122  0:000    Tables in Rsdt: 29
6:122  0:000    0. 786621D8: 'FACP', 'CBX3', Rev: 2, Len: 132
6:122  0:000        (Dsdt: 78662260, Facs: 78FF2F40)
6:122  0:000        78662260: 'DSDT', 'CBX3', Rev: 2, Len: 140418
6:125  0:002        78FF2F40: 'FACS', Ver: 0, Len: 64
6:125  0:000    1. 786847F8: 'APIC', 'CBX3', Rev: 3, Len: 132
6:125  0:000    2. 78684880: 'FPDT', 'CBX3', Rev: 1, Len: 68
6:125  0:000    3. 786848C8: 'FIDT', 'CBX3', Rev: 1, Len: 156
6:125  0:000    4. 78684968: 'MCFG', 'CBX3', Rev: 1, Len: 60
6:125  0:000    5. 786849A8: 'HPET', 'CBX3', Rev: 1, Len: 56
6:125  0:000    6. 786849E0: 'SSDT', 'SataTabl', Rev: 1, Len: 882
6:125  0:000    7. 78684D58: 'BOOT', 'CBX3', Rev: 1, Len: 40
6:125  0:000    8. 78684D80: 'SSDT', 'SaSsdt', Rev: 2, Len: 4833
6:125  0:000    9. 78686068: 'HPET', 'KBL-ULT', Rev: 1, Len: 56
6:125  0:000    10. 786860A0: 'SSDT', 'xh_OEMBD', Rev: 2, Len: 1716
6:125  0:000    11. 78686758: 'UEFI', '', Rev: 1, Len: 66
6:125  0:000    12. 786867A0: 'SSDT', 'CpuSsdt', Rev: 2, Len: 3806
6:125  0:000    13. 78687680: 'LPIT', 'KBL-ULT', Rev: 1, Len: 148
6:125  0:000    14. 78687718: 'WSMT', 'KBL-ULT', Rev: 1, Len: 40
6:125  0:000    15. 78687740: 'SSDT', 'HdaDsp', Rev: 2, Len: 321
6:125  0:000    16. 78687888: 'SSDT', 'sensrhub', Rev: 2, Len: 671
6:125  0:000    17. 78687B28: 'SSDT', 'PtidDevc', Rev: 2, Len: 12290
6:125  0:000    18. 7868AB30: 'SSDT', 'TbtTypeC', Rev: 2, Len: 533
6:125  0:000    19. 7868AD48: 'DBGP', '', Rev: 1, Len: 52
6:125  0:000    20. 7868AD80: 'DBG2', '', Rev: 0, Len: 84
6:125  0:000    21. 7868ADD8: 'SSDT', 'DptfTabl', Rev: 2, Len: 23589
6:125  0:000    22. 78690A00: 'MSDM', 'CBX3', Rev: 3, Len: 85
6:125  0:000    23. 78690A58: 'SLIC', 'CBX3', Rev: 3, Len: 374
6:125  0:000    24. 78690BD0: 'BGRT', '', Rev: 0, Len: 56
6:125  0:000    25. 78690C08: 'SSDT', 'SgUlt', Rev: 2, Len: 1053
6:125  0:000    26. 78691028: 'SSDT', 'SgPch', Rev: 2, Len: 1874
6:125  0:000    27. 78691780: 'TPM2', 'Tpm2Tabl', Rev: 3, Len: 52
6:125  0:000    28. 786917B8: 'SSDT', 'OptTabl', Rev: 1, Len: 7776
23:852  17:726  EDITED: DSDT_fake.aml
39:056  15:204  BootVariable of the entry is empty
39:056  0:000  === [ StartLoader ] =======================================
39:056  0:000  Finally: ExternalClock=25MHz BusSpeed=100152kHz CPUFreq=2904MHz PIS: hw.busfrequency=100000000Hz
39:056  0:000  Loading boot.efi  status=Success
39:108  0:051  GetOSVersion: 10.13.6 (17G65)
39:108  0:000  CSR_CFG: CSR_ALLOW_UNTRUSTED_KEXTS | CSR_ALLOW_UNRESTRICTED_FS | CSR_ALLOW_TASK_FOR_PID | CSR_ALLOW_UNRESTRICTED_DTRACE | CSR_ALLOW_UNRESTRICTED_NVRAM
39:108  0:000  Filtering KextPatches:
39:108  0:000   - [00]: com.apple.driver.AppleIntelKBLGraphicsFramebuffer (0x59160000, 0105 instead of 0306, HDMI) :: BinPatch :: [OS: 10.13.6 | MatchOS: All | MatchBuild: All] ==> allowed
39:108  0:000   - [01]: com.apple.driver.AppleIntelKBLGraphicsFramebuffer (0x591b0000, 0105 instead of 0204) :: BinPatch :: [OS: 10.13.6 | MatchOS: All | MatchBuild: All] ==> disabled by user
39:108  0:000   - [02]: IOBluetoothFamily (BCM BT Hand-off (10.11.x ->10.12.x)) :: BinPatch :: [OS: 10.13.6 | MatchOS: All | MatchBuild: All] ==> allowed
39:108  0:000   - [03]: com.apple.iokit.IOGraphicsFamily (Boot graphics glitch, 10.10.2/10.10.3) :: BinPatch :: [OS: 10.13.6 | MatchOS: All | MatchBuild: All] ==> allowed
39:108  0:000   - [04]: AppleBacklight (change F%uT%04x to F%uTxxxx for AppleBacklightInjector.kext (credit RehabMan)) :: BinPatch :: [OS: 10.13.6 | MatchOS: All | MatchBuild: All] ==> allowed
39:108  0:000   - [05]: AppleUSBXHCIPCI (change 15 port limit to 26 in XHCI kext (100-series) 10.12) :: BinPatch :: [OS: 10.13.6 | MatchOS: All | MatchBuild: All] ==> disabled by user
39:108  0:000   - [06]: AppleIntelLpssI2C (Disable AppleIntelLpssI2C (credit by Coolstar)) :: PlistPatch :: [OS: 10.13.6 | MatchOS: All | MatchBuild: All] ==> allowed
39:108  0:000   - [07]: AppleIntelLpssI2CController (Disable AppleIntelLpssI2CCOntroller (credit by Coolstar)) :: PlistPatch :: [OS: 10.13.6 | MatchOS: All | MatchBuild: All] ==> allowed
39:108  0:000   - [08]: com.apple.iokit.IOAHCIBlockStorage (Enable TRIM for SSD) :: BinPatch :: [OS: 10.13.6 | MatchOS: All | MatchBuild: All] ==> allowed
39:108  0:000  Filtering KernelPatches:
39:108  0:000   - [00]: MSR 0xE2 _xcpm_idle instant reboot(c) Pike R. Alpha :: [OS: 10.13.6 | MatchOS: 10.12.x,10.11.x | MatchBuild: no] ==> not allowed by OS
39:108  0:000  Will not patch boot.efi
39:108  0:000  === [ PatchSmbios ] =======================================
39:108  0:000  insert table 9 for dev 0:0
39:108  0:000  insert table 9 for dev 0:0
39:108  0:000  Trusting SMBIOS...
39:108  0:000  Detected alternating SMBIOS channel banks
39:108  0:000  Channels: 2
39:108  0:000  Interleave: 0 2 1 3 4 6 5 7 8 10 9 11 12 14 13 15 16 18 17 19 20 22 21 23
39:108  0:000   partNum=CT8G4SFS824A.C8FHD1 
39:108  0:000  SMBIOS Type 17 Index = 0 => 0 0:
39:108  0:000  BANK 0 DIMM0 2400MHz 8192MB
39:108  0:000   partNum=KMKYF9-MID          
39:108  0:000  SMBIOS Type 17 Index = 1 => 1 2:
39:108  0:000  BANK 1 DIMM0 2400MHz 8192MB
39:108  0:000  mTotalSystemMemory = 16384
39:108  0:000  NumberOfMemoryDevices = 2
39:108  0:000  Type20[0]->End = 0x7FFFFF, Type17[0] = 0x2000
39:108  0:000  Type20[1]->End = 0xFFFFFF, Type17[1] = 0x6000
39:108  0:000  Table 131 is present, CPUType=31
39:108  0:000  Change to: 705
39:108  0:000  === [ PatchACPI ] =========================================
39:108  0:000  Xsdt reallocation done
39:108  0:000  old FADT length=10C
39:108  0:000   SignatureFixup: 0x33159CCA -> 0x0
39:111  0:002  Apply DsdtFixMask=0x20000004
39:111  0:000     drop _DSM mask=0x0000
39:111  0:000  === [ FixBiosDsdt ] =======================================
39:111  0:000  VideoCard devID=0x59168086
39:111  0:000  DisplayADR1[0] = 0x20000, DisplayADR2[0] = 0xFFFE
39:111  0:000  USBADR[0] = 0x140000 and PCIe = 0xFFFE
39:111  0:000  Found Airport BCM at 0x1C0004, 0x0
39:130  0:018  Audio HDA (addr:0x1F0003) setting specified layout-id=56 (0x38)
39:130  0:000  Patching DSDT:
39:130  0:000   - [change _DSM to XDSM]: pattern 5F44534D, patched at: [ (3BC7) (42D) (388) (388) (388) (388) (388) (388) (388) (388) (388) (388) (388) (388) (388) (388) (388) (388) (388) (388) (388) (388) (388) (388) (388) (1B52) (77) (29) (727) (100) (6) (703) (503) (11) (53) (22) (22) (33) (14) (24) (23B5) (D3) (D3) (D3) (D3) (D3) (BE) (BE) (CC) (104) (104) (37D) (5E9) (F2D) (14A) (9B) (34) (51) (3A44) (5A9) (5A9) (5A9) (5C2) (5A9) (5A9) (5A9) (5C2) (5A9) (5A9) (5A9) (5A9) (5A9) (5A9) (5A9) (5A9) (5A9) (5A9) (5A9) (21B5) (1DC6) ]
39:130  0:000   - [change OSID to XSID (to avoid match against _OSI XOSI patch)]: pattern 4F534944, patched at: [ (1FF43) (145) (E2) (F) (69F) (10B0) ]
39:130  0:000   - [change _OSI to XOSI]: pattern 5F4F5349, patched at: [ (9871) (8037) (3) (11) (18) (1C) (1C) (1A) (18) (18) (18) (18) (E6F6) (3) (D) (D) (D) (13) (14) ]
39:130  0:000   - [change HDAS to HDEF]: pattern 48444153, patched at: [ (30C) (12) (12) (A759) (1584) (84) (D) (2B) (32) (4F) (6F) (C3) ]
39:131  0:000   - [change HECI to IMEI]: pattern 48454349, patched at: [ (10A04) ]
39:131  0:000   - [change GFX0 to IGPU]: pattern 47465830, patched at: [ (51) (12) (12) (12) (12) (12) (12) (12) (12) (12) (12) (12) (12) (12) (12) (12) (6A) (12) (355) (12) (50) (188) (12) (1D) (3407) (D1D1) (1B) (C5D) (A) (25BE) (14) (72AB) (154B) (3A0E) (20C3) (18) (18) (32) (11) (65) (32) (44) ]
39:131  0:000  first CPU found at 9515 offset 9518
39:131  0:000  score candidate at 9511
39:131  0:000  score inserted in acpi_cpu_score _PR_
39:131  0:000  Found ACPI CPU: CPU0 | CPU1 | CPU2 | CPU3 | CPU4 | CPU5 | CPU6 | CPU7 , within the score: _PR_
39:132  0:000  Start SHUTDOWN Fix len=22482
39:132  0:000  PreCleanup XSDT: count=29, length=268
39:132  0:000  PreCleanup XSDT, corrected XSDT: count=29, length=268
39:132  0:000  === [ ACPIPatchedAML ] ====================================
39:132  0:000  AutoMerge pass 1
39:132  0:000  Unsorted
39:132  0:000  Inserting SSDT-ALC256.aml from EFI\CLOVER\ACPI\patched: ignore on pass 1
39:132  0:000  Inserting SSDT-UIAC.aml from EFI\CLOVER\ACPI\patched: ignore on pass 1
39:132  0:000  Inserting SSDT-XOSI.aml from EFI\CLOVER\ACPI\patched: ignore on pass 1
39:132  0:000  Inserting SSDT-PNLF.aml from EFI\CLOVER\ACPI\patched: ignore on pass 1
39:132  0:000  Inserting SSDT-9-SgUlt.aml from EFI\CLOVER\ACPI\patched: size=1084 @25 ... Success
39:132  0:000  === [ ACPIDropTables ] ====================================
39:132  0:000  === [ PatchAllSSDT ] ======================================
39:132  0:000  Patch table: SSDT  SataTabl len=0x372
39:132  0:000  0. [change _DSM to XDSM]: pattern 5F44534D, bin not found / already patched!
39:132  0:000  1. [change OSID to XSID (to avoid match against _OSI XOSI patch)]: pattern 4F534944, bin not found / already patched!
39:132  0:000  2. [change _OSI to XOSI]: pattern 5F4F5349, bin not found / already patched!
39:132  0:000  3. [change HDAS to HDEF]: pattern 48444153, bin not found / already patched!
39:132  0:000  4. [change HECI to IMEI]: pattern 48454349, bin not found / already patched!
39:132  0:000  5. [change GFX0 to IGPU]: pattern 47465830, bin not found / already patched!
39:132  0:000  Patch table: SSDT  SaSsdt  len=0x12E1
39:132  0:000  0. [change _DSM to XDSM]: pattern 5F44534D, patched at: [ (DCF) ]
39:132  0:000  1. [change OSID to XSID (to avoid match against _OSI XOSI patch)]: pattern 4F534944, bin not found / already patched!
39:132  0:000  2. [change _OSI to XOSI]: pattern 5F4F5349, bin not found / already patched!
39:132  0:000  3. [change HDAS to HDEF]: pattern 48444153, bin not found / already patched!
39:132  0:000  4. [change HECI to IMEI]: pattern 48454349, bin not found / already patched!
39:132  0:000  5. [change GFX0 to IGPU]: pattern 47465830, patched at: [ (2D) (54) (29F) (871) (1D) (6E2) ]
39:132  0:000  Patch table: SSDT  xh_OEMBD len=0x6B4
39:132  0:000  0. [change _DSM to XDSM]: pattern 5F44534D, bin not found / already patched!
39:132  0:000  1. [change OSID to XSID (to avoid match against _OSI XOSI patch)]: pattern 4F534944, bin not found / already patched!
39:132  0:000  2. [change _OSI to XOSI]: pattern 5F4F5349, bin not found / already patched!
39:132  0:000  3. [change HDAS to HDEF]: pattern 48444153, bin not found / already patched!
39:132  0:000  4. [change HECI to IMEI]: pattern 48454349, bin not found / already patched!
39:132  0:000  5. [change GFX0 to IGPU]: pattern 47465830, bin not found / already patched!
39:132  0:000  Patch table: SSDT  CpuSsdt len=0xEDE
39:132  0:000  0. [change _DSM to XDSM]: pattern 5F44534D, bin not found / already patched!
39:132  0:000  1. [change OSID to XSID (to avoid match against _OSI XOSI patch)]: pattern 4F534944, bin not found / already patched!
39:132  0:000  2. [change _OSI to XOSI]: pattern 5F4F5349, bin not found / already patched!
39:132  0:000  3. [change HDAS to HDEF]: pattern 48444153, bin not found / already patched!
39:132  0:000  4. [change HECI to IMEI]: pattern 48454349, bin not found / already patched!
39:132  0:000  5. [change GFX0 to IGPU]: pattern 47465830, bin not found / already patched!
39:132  0:000  Patch table: SSDT  HdaDsp len=0x141
39:132  0:000  0. [change _DSM to XDSM]: pattern 5F44534D, bin not found / already patched!
39:132  0:000  1. [change OSID to XSID (to avoid match against _OSI XOSI patch)]: pattern 4F534944, bin not found / already patched!
39:132  0:000  2. [change _OSI to XOSI]: pattern 5F4F5349, bin not found / already patched!
39:132  0:000  3. [change HDAS to HDEF]: pattern 48444153, patched at: [ (20) (48) ]
39:132  0:000  4. [change HECI to IMEI]: pattern 48454349, bin not found / already patched!
39:132  0:000  5. [change GFX0 to IGPU]: pattern 47465830, bin not found / already patched!
39:132  0:000  Patch table: SSDT  sensrhub len=0x29F
39:132  0:000  0. [change _DSM to XDSM]: pattern 5F44534D, patched at: [ (A5) ]
39:132  0:000  1. [change OSID to XSID (to avoid match against _OSI XOSI patch)]: pattern 4F534944, bin not found / already patched!
39:132  0:000  2. [change _OSI to XOSI]: pattern 5F4F5349, bin not found / already patched!
39:132  0:000  3. [change HDAS to HDEF]: pattern 48444153, bin not found / already patched!
39:132  0:000  4. [change HECI to IMEI]: pattern 48454349, bin not found / already patched!
39:132  0:000  5. [change GFX0 to IGPU]: pattern 47465830, bin not found / already patched!
39:132  0:000  Patch table: SSDT  PtidDevc len=0x3002
39:132  0:000  0. [change _DSM to XDSM]: pattern 5F44534D, bin not found / already patched!
39:132  0:000  1. [change OSID to XSID (to avoid match against _OSI XOSI patch)]: pattern 4F534944, bin not found / already patched!
39:132  0:000  2. [change _OSI to XOSI]: pattern 5F4F5349, bin not found / already patched!
39:132  0:000  3. [change HDAS to HDEF]: pattern 48444153, bin not found / already patched!
39:132  0:000  4. [change HECI to IMEI]: pattern 48454349, bin not found / already patched!
39:132  0:000  5. [change GFX0 to IGPU]: pattern 47465830, bin not found / already patched!
39:132  0:000  Patch table: SSDT  TbtTypeC len=0x215
39:132  0:000  0. [change _DSM to XDSM]: pattern 5F44534D, bin not found / already patched!
39:132  0:000  1. [change OSID to XSID (to avoid match against _OSI XOSI patch)]: pattern 4F534944, bin not found / already patched!
39:132  0:000  2. [change _OSI to XOSI]: pattern 5F4F5349, bin not found / already patched!
39:132  0:000  3. [change HDAS to HDEF]: pattern 48444153, bin not found / already patched!
39:132  0:000  4. [change HECI to IMEI]: pattern 48454349, bin not found / already patched!
39:132  0:000  5. [change GFX0 to IGPU]: pattern 47465830, bin not found / already patched!
39:132  0:000  Patch table: SSDT  DptfTabl len=0x5C25
39:132  0:000  0. [change _DSM to XDSM]: pattern 5F44534D, bin not found / already patched!
39:132  0:000  1. [change OSID to XSID (to avoid match against _OSI XOSI patch)]: pattern 4F534944, bin not found / already patched!
39:132  0:000  2. [change _OSI to XOSI]: pattern 5F4F5349, bin not found / already patched!
39:132  0:000  3. [change HDAS to HDEF]: pattern 48444153, bin not found / already patched!
39:132  0:000  4. [change HECI to IMEI]: pattern 48454349, bin not found / already patched!
39:132  0:000  5. [change GFX0 to IGPU]: pattern 47465830, bin not found / already patched!
39:132  0:000  Patch table: SSDT  SgUlt len=0x43C
39:132  0:000  0. [change _DSM to XDSM]: pattern 5F44534D, bin not found / already patched!
39:132  0:000  1. [change OSID to XSID (to avoid match against _OSI XOSI patch)]: pattern 4F534944, bin not found / already patched!
39:133  0:000  2. [change _OSI to XOSI]: pattern 5F4F5349, bin not found / already patched!
39:133  0:000  3. [change HDAS to HDEF]: pattern 48444153, bin not found / already patched!
39:133  0:000  4. [change HECI to IMEI]: pattern 48454349, bin not found / already patched!
39:133  0:000  5. [change GFX0 to IGPU]: pattern 47465830, bin not found / already patched!
39:133  0:000  Patch table: SSDT  SgPch len=0x752
39:133  0:000  0. [change _DSM to XDSM]: pattern 5F44534D, bin not found / already patched!
39:133  0:000  1. [change OSID to XSID (to avoid match against _OSI XOSI patch)]: pattern 4F534944, bin not found / already patched!
39:133  0:000  2. [change _OSI to XOSI]: pattern 5F4F5349, bin not found / already patched!
39:133  0:000  3. [change HDAS to HDEF]: pattern 48444153, bin not found / already patched!
39:133  0:000  4. [change HECI to IMEI]: pattern 48454349, bin not found / already patched!
39:133  0:000  5. [change GFX0 to IGPU]: pattern 47465830, bin not found / already patched!
39:133  0:000  Patch table: SSDT  OptTabl len=0x1E60
39:133  0:000  0. [change _DSM to XDSM]: pattern 5F44534D, patched at: [ (85) (633) (171C) (41) (11) ]
39:133  0:000  1. [change OSID to XSID (to avoid match against _OSI XOSI patch)]: pattern 4F534944, bin not found / already patched!
39:133  0:000  2. [change _OSI to XOSI]: pattern 5F4F5349, bin not found / already patched!
39:133  0:000  3. [change HDAS to HDEF]: pattern 48444153, bin not found / already patched!
39:133  0:000  4. [change HECI to IMEI]: pattern 48454349, bin not found / already patched!
39:133  0:000  5. [change GFX0 to IGPU]: pattern 47465830, patched at: [ (55) (28) (650) (A8) (527) (116D) (11) ]
39:133  0:000  === [ ACPIPatchedAML ] ====================================
39:133  0:000  AutoMerge pass 2
39:133  0:000  Unsorted
39:133  0:000  Inserting SSDT-ALC256.aml from EFI\CLOVER\ACPI\patched: size=414 ... Success
39:134  0:001  Inserting SSDT-UIAC.aml from EFI\CLOVER\ACPI\patched: size=425 ... Success
39:136  0:001  Inserting SSDT-XOSI.aml from EFI\CLOVER\ACPI\patched: size=206 ... Success
39:136  0:000  Inserting SSDT-PNLF.aml from EFI\CLOVER\ACPI\patched: size=820 ... Success
39:136  0:000  CPUBase=0 and ApicCPUBase=1 ApicCPUNum=1
39:136  0:000  Maximum control=0x1D
39:136  0:000  Turbo control=0x23
39:136  0:000  P-States: min 0x4, max 0x23
39:136  0:000  SSDT with plugin-type without P-States is generated
39:136  0:000  Cleanup XSDT: count=34, length=308
39:136  0:000  corrected XSDT count=34, length=308
39:136  0:000  === [ RestSetup macOS ] ===================================
39:136  0:000  --- Custom EDID Table size:128
39:136  0:000  000  |  00  FF  FF  FF  FF  FF  FF  00  30  E4
39:136  0:000  010  |  1F  05  00  00  00  00  00  1A  01  04
39:136  0:000  020  |  A5  22  13  78  02  5B  E5  93  58  54
39:136  0:000  030  |  90  27  1D  50  54  00  00  00  01  01
39:136  0:000  040  |  01  01  01  01  01  01  01  01  01  01
39:136  0:000  050  |  01  01  01  01  24  36  80  A0  70  38
39:136  0:000  060  |  1F  40  30  20  35  00  58  C2  10  00
39:136  0:000  070  |  00  19  50  2B  80  A0  70  38  1F  40
39:136  0:000  080  |  30  20  35  00  58  C2  10  00  00  19
39:136  0:000  090  |  00  00  00  FE  00  47  4A  56  31  57
39:136  0:000  100  |  80  31  35  36  57  46  39  0A  00  00
39:136  0:000  110  |  00  00  00  00  41  31  96  01  10  00
39:136  0:000  120  |  00  0A  01  0A  20  20  00  DA
39:136  0:000      Fix wrong checksum = 0xDA changed to 0xCA
39:136  0:000  --- Patched EDID Table size:128
39:136  0:000  000  |  00  FF  FF  FF  FF  FF  FF  00  30  E4
39:136  0:000  010  |  1F  05  00  00  00  00  00  1A  01  04
39:136  0:000  020  |  A5  22  13  78  02  5B  E5  93  58  54
39:136  0:000  030  |  90  27  1D  50  54  00  00  00  01  01
39:136  0:000  040  |  01  01  01  01  01  01  01  01  01  01
39:136  0:000  050  |  01  01  01  01  24  36  80  A0  70  38
39:136  0:000  060  |  1F  40  30  20  35  00  58  C2  10  00
39:136  0:000  070  |  00  19  50  2B  80  A0  70  38  1F  40
39:136  0:000  080  |  30  20  35  00  58  C2  10  00  00  19
39:136  0:000  090  |  00  00  00  FE  00  47  4A  56  31  57
39:136  0:000  100  |  80  31  35  36  57  46  39  0A  00  00
39:136  0:000  110  |  00  00  00  00  41  31  96  01  10  00
39:136  0:000  120  |  00  0A  01  0A  20  20  00  CA
39:136  0:000  Intel HD Graphics 620 [8086:5916] :: PciRoot(0x0)\Pci(0x2,0x0)
39:136  0:000    Found Full HD Display - 16:9 :: Width=1920 Height=1080
39:136  0:000    Additional Intel GFX properties injected, continue
39:136  0:000    IntelHDMI: used
39:136  0:000    AAPL00,override-no-connect: added
39:136  0:000    Beginning DualLink auto-detection
39:136  0:000    High Resolution Display
39:136  0:000    AAPL00,DualLink = 1
39:136  0:000    FakeID Intel GFX = 0x59168086
39:136  0:000    ig-platform-id = 0x59160000
39:136  0:000  Intel GFX revision  = 0x2
39:137  0:000   RCBA disabled; cannot use it
39:137  0:000   setting specified layout-id=56 (0x38)
39:137  0:000  stringlength = 3418
39:137  0:000  CurrentMode: Width=1920 Height=1080
39:137  0:000  Beginning FSInjection
FSInjectionInstall ...
- Our FSI_SIMPLE_FILE_SYSTEM_PROTOCOL installed on handle: 75D4E818
FSInjectionInstall ...
- Our FSI_SIMPLE_FILE_SYSTEM_PROTOCOL installed on handle: 75D4E818
39:144  0:007  Remap smbios table type 1 guid.
39:155  0:010  Preparing kexts injection for arch=x86_64 from EFI\CLOVER\kexts\Other
39:155  0:000  Extra kext: EFI\CLOVER\kexts\Other\VoodooPS2Controller.kext (v.1.8.34)
39:159  0:004    |-- PlugIn kext: EFI\CLOVER\kexts\Other\VoodooPS2Controller.kext\Contents\PlugIns\VoodooPS2Trackpad.kext (v.1.8.34)
39:161  0:002    |-- PlugIn kext: EFI\CLOVER\kexts\Other\VoodooPS2Controller.kext\Contents\PlugIns\VoodooPS2Mouse.kext (v.1.8.34)
39:164  0:002    |-- PlugIn kext: EFI\CLOVER\kexts\Other\VoodooPS2Controller.kext\Contents\PlugIns\VoodooPS2Keyboard.kext (v.1.8.34)
39:168  0:004  Extra kext: EFI\CLOVER\kexts\Other\VoodooI2CHID.kext (v.1)
39:171  0:003  Extra kext: EFI\CLOVER\kexts\Other\VoodooI2C.kext (v.2.0.3)
39:173  0:001    |-- PlugIn kext: EFI\CLOVER\kexts\Other\VoodooI2C.kext\Contents\PlugIns\VoodooI2CServices.kext (v.1)
39:175  0:001    |-- PlugIn kext: EFI\CLOVER\kexts\Other\VoodooI2C.kext\Contents\PlugIns\VoodooGPIO.kext (v.1.1)
39:177  0:002  Extra kext: EFI\CLOVER\kexts\Other\USBInjectAll.kext (v.0.6.5)
39:219  0:041  Extra kext: EFI\CLOVER\kexts\Other\SATA-100-series-unsupported.kext (v.0.5.1)
39:219  0:000  Extra kext: EFI\CLOVER\kexts\Other\RealtekRTL8111.kext (v.2.2.1)
39:221  0:002  Extra kext: EFI\CLOVER\kexts\Other\Lilu.kext (v.1.2.4)
39:223  0:002  Extra kext: EFI\CLOVER\kexts\Other\IntelGraphicsDVMTFixup.kext (v.1.2.0)
39:225  0:001  Extra kext: EFI\CLOVER\kexts\Other\FakeSMC.kext (v.1787)
39:230  0:004  Custom boot screen not used because entry has unset use graphics
39:232  0:001  Closing log
